Using pre-set license
Built from '2021.1/staging' branch; Version is '2021.1.19f1 (5f5eb8bbdc25) revision 6250168'; Using compiler version '192528614'; Build Type 'Release'
OS: 'Windows 10 Education; OS build 17134.2208; Version 1803; 64bit' Language: 'cs' Physical Memory: 8067 MB
BatchMode: 1, IsHumanControllingUs: 0, StartBugReporterOnCrash: 0, Is64bit: 1, IsPro: 0

COMMAND LINE ARGUMENTS:
C:\Program Files\Unity\Hub\Editor\2021.1.19f1\Editor\Unity.exe
-adb2
-batchMode
-noUpm
-name
AssetImportWorker0
-projectPath
C:/Users/Malina_Jakub/Documents/GitHub/jumpogame1
-logFile
Logs/AssetImportWorker0.log
-srvPort
61860
Successfully changed project path to: C:/Users/Malina_Jakub/Documents/GitHub/jumpogame1
C:/Users/Malina_Jakub/Documents/GitHub/jumpogame1
Using Asset Import Pipeline V2.
Refreshing native plugins compatible for Editor in 131.26 ms, found 4 plugins.
Preloading 0 native plugins for Editor in 0.00 ms.
Initialize engine version: 2021.1.19f1 (5f5eb8bbdc25)
[Subsystems] Discovering subsystems at path C:/Program Files/Unity/Hub/Editor/2021.1.19f1/Editor/Data/Resources/UnitySubsystems
[Subsystems] Discovering subsystems at path C:/Users/Malina_Jakub/Documents/GitHub/jumpogame1/Assets
GfxDevice: creating device client; threaded=0; jobified=0
Direct3D:
    Version:  Direct3D 11.0 [level 11.1]
    Renderer: Intel(R) HD Graphics 630 (ID=0x5912)
    Vendor:   Intel
    VRAM:     4033 MB
    Driver:   23.20.16.4849
Initialize mono
Mono path[0] = 'C:/Program Files/Unity/Hub/Editor/2021.1.19f1/Editor/Data/Managed'
Mono path[1] = 'C:/Program Files/Unity/Hub/Editor/2021.1.19f1/Editor/Data/MonoBleedingEdge/lib/mono/unityjit'
Mono config path = 'C:/Program Files/Unity/Hub/Editor/2021.1.19f1/Editor/Data/MonoBleedingEdge/etc'
Using monoOptions --debugger-agent=transport=dt_socket,embedding=1,server=y,suspend=n,address=127.0.0.1:56580
Begin MonoManager ReloadAssembly
Registering precompiled unity dll's ...
Register platform support module: C:/Program Files/Unity/Hub/Editor/2021.1.19f1/Editor/Data/PlaybackEngines/WindowsStandaloneSupport/UnityEditor.WindowsStandalone.Extensions.dll
Registered in 0.001868 seconds.
Native extension for WindowsStandalone target not found
Refreshing native plugins compatible for Editor in 588.66 ms, found 4 plugins.
Preloading 0 native plugins for Editor in 0.00 ms.
Mono: successfully reloaded assembly
- Completed reload, in  3.121 seconds
Domain Reload Profiling:
	ReloadAssembly (3121ms)
		BeginReloadAssembly (78ms)
			ExecutionOrderSort (0ms)
			DisableScriptedObjects (0ms)
			BackupInstance (0ms)
			ReleaseScriptingObjects (0ms)
			CreateAndSetChildDomain (1ms)
		EndReloadAssembly (1847ms)
			LoadAssemblies (75ms)
			RebuildTransferFunctionScriptingTraits (0ms)
			SetupTypeCache (298ms)
			ReleaseScriptCaches (0ms)
			RebuildScriptCaches (99ms)
			SetupLoadedEditorAssemblies (1280ms)
				LogAssemblyErrors (0ms)
				InitializePlatformSupportModulesInManaged (19ms)
				SetLoadedEditorAssemblies (1ms)
				RefreshPlugins (595ms)
				BeforeProcessingInitializeOnLoad (5ms)
				ProcessInitializeOnLoadAttributes (531ms)
				ProcessInitializeOnLoadMethodAttributes (129ms)
				AfterProcessingInitializeOnLoad (0ms)
				EditorAssembliesLoaded (1ms)
			ExecutionOrderSort2 (0ms)
			AwakeInstancesAfterBackupRestoration (0ms)
Platform modules already initialized, skipping
Registering precompiled user dll's ...
Registered in 0.017685 seconds.
Begin MonoManager ReloadAssembly
Symbol file LoadedFromMemory doesn't match image C:\Users\Malina_Jakub\Documents\GitHub\jumpogame1\Library\PackageCache\com.unity.visualscripting@1.6.1\Editor\VisualScripting.Core\Dependencies\YamlDotNet\Unity.VisualScripting.YamlDotNet.dll
Symbol file LoadedFromMemory doesn't match image C:\Users\Malina_Jakub\Documents\GitHub\jumpogame1\Library\PackageCache\com.unity.visualscripting@1.6.1\Editor\VisualScripting.Core\Dependencies\DotNetZip\Unity.VisualScripting.IonicZip.dll
Native extension for WindowsStandalone target not found
Refreshing native plugins compatible for Editor in 110.61 ms, found 4 plugins.
Preloading 0 native plugins for Editor in 0.00 ms.
Mono: successfully reloaded assembly
- Completed reload, in  2.522 seconds
Domain Reload Profiling:
	ReloadAssembly (2523ms)
		BeginReloadAssembly (201ms)
			ExecutionOrderSort (0ms)
			DisableScriptedObjects (8ms)
			BackupInstance (0ms)
			ReleaseScriptingObjects (0ms)
			CreateAndSetChildDomain (21ms)
		EndReloadAssembly (2192ms)
			LoadAssemblies (246ms)
			RebuildTransferFunctionScriptingTraits (0ms)
			SetupTypeCache (748ms)
			ReleaseScriptCaches (1ms)
			RebuildScriptCaches (96ms)
			SetupLoadedEditorAssemblies (804ms)
				LogAssemblyErrors (0ms)
				InitializePlatformSupportModulesInManaged (6ms)
				SetLoadedEditorAssemblies (0ms)
				RefreshPlugins (111ms)
				BeforeProcessingInitializeOnLoad (168ms)
				ProcessInitializeOnLoadAttributes (478ms)
				ProcessInitializeOnLoadMethodAttributes (31ms)
				AfterProcessingInitializeOnLoad (9ms)
				EditorAssembliesLoaded (0ms)
			ExecutionOrderSort2 (0ms)
			AwakeInstancesAfterBackupRestoration (12ms)
Platform modules already initialized, skipping
========================================================================
Worker process is ready to serve import requests
Launched and connected shader compiler UnityShaderCompiler.exe after 0.03 seconds
Refreshing native plugins compatible for Editor in 1.24 ms, found 4 plugins.
Preloading 0 native plugins for Editor in 0.00 ms.
Unloading 3690 Unused Serialized files (Serialized files now loaded: 0)
System memory in use before: 138.5 MB.
System memory in use after: 138.7 MB.

Unloading 30 unused Assets to reduce memory usage. Loaded Objects now: 4140.
Total: 6.020462 ms (FindLiveObjects: 0.504148 ms CreateObjectMapping: 0.471690 ms MarkObjects: 4.934161 ms  DeleteObjects: 0.108630 ms)

AssetImportParameters requested are different than current active one (requested -> active):
  custom:framework-win-MediaFoundation: 216162199b28c13a410421893ffa2e32 -> 
  custom:video-decoder-ogg-theora: a1e56fd34408186e4bbccfd4996cb3dc -> 
  custom:container-muxer-webm: aa71ff27fc2769a1b78a27578f13a17b -> 
  custom:container-demuxer-webm: 4f35f7cbe854078d1ac9338744f61a02 -> 
  custom:container-demuxer-ogg: 62fdf1f143b41e24485cea50d1cbac27 -> 
  custom:video-encoder-webm-vp8: eb34c28f22e8b96e1ab97ce403110664 -> 
  custom:video-decoder-webm-vp8: 9c59270c3fd7afecdb556c50c9e8de78 -> 
  custom:audio-decoder-ogg-vorbis: bf7c407c2cedff20999df2af8eb42d56 -> 
  custom:audio-encoder-webm-vorbis: bf7c407c2cedff20999df2af8eb42d56 -> 
========================================================================
Received Import Request.
  path: Assets/GenjiFotka.png
  artifactKey: Guid(8e1257b0b99346346862410be6118d63) Importer(815301076,1909f56bfc062723c751e8b465ee728b)
Start importing Assets/GenjiFotka.png using Guid(8e1257b0b99346346862410be6118d63) Importer(815301076,1909f56bfc062723c751e8b465ee728b)  -> (artifact id: '5f68f91b21d5ce05d02768f92951e2c5') in 0.167043 seconds 
========================================================================
Received Import Request.
  Time since last request: 0.000224 seconds.
  path: Assets/Scenes
  artifactKey: Guid(131a6b21c8605f84396be9f6751fb6e3) Importer(815301076,1909f56bfc062723c751e8b465ee728b)
Start importing Assets/Scenes using Guid(131a6b21c8605f84396be9f6751fb6e3) Importer(815301076,1909f56bfc062723c751e8b465ee728b)  -> (artifact id: 'ffae677c86e903bacef8065336249a81') in 0.006054 seconds 
========================================================================
Received Import Request.
  Time since last request: 0.000216 seconds.
  path: Assets/fd3cad27731a07f1eef02c266e3aebd3.jpg
  artifactKey: Guid(0f061ad6ae6995644a5fba2d20a63704) Importer(815301076,1909f56bfc062723c751e8b465ee728b)
Start importing Assets/fd3cad27731a07f1eef02c266e3aebd3.jpg using Guid(0f061ad6ae6995644a5fba2d20a63704) Importer(815301076,1909f56bfc062723c751e8b465ee728b)  -> (artifact id: 'ae0a3e689a920fceccce8b7dbbba9335') in 0.047967 seconds 
========================================================================
Received Import Request.
  Time since last request: 0.000341 seconds.
  path: Assets/lost_ruins_of_arken_tar_by_jjpeabody_da3ct9b-fullview.jpg
  artifactKey: Guid(a40604737aadbd64ebbe4ee749136a37) Importer(815301076,1909f56bfc062723c751e8b465ee728b)
Start importing Assets/lost_ruins_of_arken_tar_by_jjpeabody_da3ct9b-fullview.jpg using Guid(a40604737aadbd64ebbe4ee749136a37) Importer(815301076,1909f56bfc062723c751e8b465ee728b)  -> (artifact id: 'e6de5bc751e486abc20ccd54291c7fb1') in 0.032175 seconds 
========================================================================
Received Import Request.
  Time since last request: 135.975536 seconds.
  path: Assets/TooCubeForest/Walking/0_Golem_Walking_000.png
  artifactKey: Guid(bf97aa7b0c6313a4bb2554efd7d8d703) Importer(815301076,1909f56bfc062723c751e8b465ee728b)
Start importing Assets/TooCubeForest/Walking/0_Golem_Walking_000.png using Guid(bf97aa7b0c6313a4bb2554efd7d8d703) Importer(815301076,1909f56bfc062723c751e8b465ee728b)  -> (artifact id: 'd7d0ab7042fb56a257e1057ba2a9cb17') in 0.317984 seconds 
========================================================================
Received Import Request.
  Time since last request: 0.000266 seconds.
  path: Assets/TooCubeForest/Walking/0_Golem_Walking_020.png
  artifactKey: Guid(4520316ca166ed840986cb226793bcb3) Importer(815301076,1909f56bfc062723c751e8b465ee728b)
Start importing Assets/TooCubeForest/Walking/0_Golem_Walking_020.png using Guid(4520316ca166ed840986cb226793bcb3) Importer(815301076,1909f56bfc062723c751e8b465ee728b)  -> (artifact id: '4330e8b63c743550a5c3da8a0757a60f') in 0.040509 seconds 
========================================================================
Received Import Request.
  Time since last request: 0.000211 seconds.
  path: Assets/TooCubeForest/Walking/0_Golem_Walking_001.png
  artifactKey: Guid(9d12f013051aad9489408fc877f7f597) Importer(815301076,1909f56bfc062723c751e8b465ee728b)
Start importing Assets/TooCubeForest/Walking/0_Golem_Walking_001.png using Guid(9d12f013051aad9489408fc877f7f597) Importer(815301076,1909f56bfc062723c751e8b465ee728b)  -> (artifact id: '498dbe2c3d955c442cdeed8e6bd2acf3') in 0.034936 seconds 
========================================================================
Received Import Request.
  Time since last request: 0.000195 seconds.
  path: Assets/TooCubeForest/Walking/0_Golem_Walking_016.png
  artifactKey: Guid(9318ddaa4263224469c98af391a27a26) Importer(815301076,1909f56bfc062723c751e8b465ee728b)
Start importing Assets/TooCubeForest/Walking/0_Golem_Walking_016.png using Guid(9318ddaa4263224469c98af391a27a26) Importer(815301076,1909f56bfc062723c751e8b465ee728b)  -> (artifact id: '589ea1540e5899ff2f780e634aa6bf18') in 0.054087 seconds 
========================================================================
Received Import Request.
  Time since last request: 0.000237 seconds.
  path: Assets/TooCubeForest/Walking/0_Golem_Walking_014.png
  artifactKey: Guid(253de31e04a7d0443b7806eea19eabdf) Importer(815301076,1909f56bfc062723c751e8b465ee728b)
Start importing Assets/TooCubeForest/Walking/0_Golem_Walking_014.png using Guid(253de31e04a7d0443b7806eea19eabdf) Importer(815301076,1909f56bfc062723c751e8b465ee728b)  -> (artifact id: 'd21d2d4b768b1535a5ac3002340c7656') in 0.032421 seconds 
========================================================================
Received Import Request.
  Time since last request: 0.000202 seconds.
  path: Assets/TooCubeForest/Walking/0_Golem_Walking_006.png
  artifactKey: Guid(67e002e3f40fbce40aaf492bd6e692ce) Importer(815301076,1909f56bfc062723c751e8b465ee728b)
Start importing Assets/TooCubeForest/Walking/0_Golem_Walking_006.png using Guid(67e002e3f40fbce40aaf492bd6e692ce) Importer(815301076,1909f56bfc062723c751e8b465ee728b)  -> (artifact id: 'b63618c2e97a9f51811487256d389f81') in 0.028372 seconds 
========================================================================
Received Import Request.
  Time since last request: 0.000201 seconds.
  path: Assets/TooCubeForest/Walking/0_Golem_Walking_004.png
  artifactKey: Guid(e4b42a3f780b947428cefe7ce8189b60) Importer(815301076,1909f56bfc062723c751e8b465ee728b)
Start importing Assets/TooCubeForest/Walking/0_Golem_Walking_004.png using Guid(e4b42a3f780b947428cefe7ce8189b60) Importer(815301076,1909f56bfc062723c751e8b465ee728b)  -> (artifact id: '24625115d62c01461c2c753879aadf2e') in 0.039547 seconds 
========================================================================
Received Import Request.
  Time since last request: 0.000188 seconds.
  path: Assets/TooCubeForest/Walking/0_Golem_Walking_011.png
  artifactKey: Guid(755e809a8857443428471c4ecb5230eb) Importer(815301076,1909f56bfc062723c751e8b465ee728b)
Start importing Assets/TooCubeForest/Walking/0_Golem_Walking_011.png using Guid(755e809a8857443428471c4ecb5230eb) Importer(815301076,1909f56bfc062723c751e8b465ee728b)  -> (artifact id: '1679474f7f79298709ad0b3012c2ce96') in 0.033806 seconds 
========================================================================
Received Import Request.
  Time since last request: 0.000219 seconds.
  path: Assets/TooCubeForest/Walking/0_Golem_Walking_023.png
  artifactKey: Guid(4aac9659b60e12b488bb5dcee389686c) Importer(815301076,1909f56bfc062723c751e8b465ee728b)
Start importing Assets/TooCubeForest/Walking/0_Golem_Walking_023.png using Guid(4aac9659b60e12b488bb5dcee389686c) Importer(815301076,1909f56bfc062723c751e8b465ee728b)  -> (artifact id: 'f21bca38c95fdaf5b6968c4de765eb77') in 0.030755 seconds 
========================================================================
Received Import Request.
  Time since last request: 0.000189 seconds.
  path: Assets/TooCubeForest/Walking/0_Golem_Walking_002.png
  artifactKey: Guid(ace86ed2f49c61743a37f4f6d5e665a7) Importer(815301076,1909f56bfc062723c751e8b465ee728b)
Start importing Assets/TooCubeForest/Walking/0_Golem_Walking_002.png using Guid(ace86ed2f49c61743a37f4f6d5e665a7) Importer(815301076,1909f56bfc062723c751e8b465ee728b)  -> (artifact id: '373615aebc095e82980c3f83d4b5a106') in 0.039865 seconds 
========================================================================
Received Import Request.
  Time since last request: 0.000198 seconds.
  path: Assets/TooCubeForest/Walking/0_Golem_Walking_018.png
  artifactKey: Guid(9452ce7e3661d114e9b7ebfe28896303) Importer(815301076,1909f56bfc062723c751e8b465ee728b)
Start importing Assets/TooCubeForest/Walking/0_Golem_Walking_018.png using Guid(9452ce7e3661d114e9b7ebfe28896303) Importer(815301076,1909f56bfc062723c751e8b465ee728b)  -> (artifact id: 'b12d68c3f41340e5dc640bd5fadc4532') in 0.031956 seconds 
========================================================================
Received Import Request.
  Time since last request: 0.000207 seconds.
  path: Assets/TooCubeForest/Walking/0_Golem_Walking_019.png
  artifactKey: Guid(28cab87fa4d1699428eefad26ee0a04f) Importer(815301076,1909f56bfc062723c751e8b465ee728b)
Start importing Assets/TooCubeForest/Walking/0_Golem_Walking_019.png using Guid(28cab87fa4d1699428eefad26ee0a04f) Importer(815301076,1909f56bfc062723c751e8b465ee728b)  -> (artifact id: '15306dc3f90bedd0eb7519dc98823d1f') in 0.033179 seconds 
========================================================================
Received Import Request.
  Time since last request: 0.000190 seconds.
  path: Assets/TooCubeForest/Walking/0_Golem_Walking_021.png
  artifactKey: Guid(f0cc451a46fb9144dab60ccc9290a03f) Importer(815301076,1909f56bfc062723c751e8b465ee728b)
Start importing Assets/TooCubeForest/Walking/0_Golem_Walking_021.png using Guid(f0cc451a46fb9144dab60ccc9290a03f) Importer(815301076,1909f56bfc062723c751e8b465ee728b)  -> (artifact id: '86e361bb7decef92bf407d51c646aea9') in 0.135769 seconds 
========================================================================
Received Import Request.
  Time since last request: 0.000280 seconds.
  path: Assets/TooCubeForest/Walking/0_Golem_Walking_005.png
  artifactKey: Guid(c728b04c4f0c9a043aeb928ed296628b) Importer(815301076,1909f56bfc062723c751e8b465ee728b)
Start importing Assets/TooCubeForest/Walking/0_Golem_Walking_005.png using Guid(c728b04c4f0c9a043aeb928ed296628b) Importer(815301076,1909f56bfc062723c751e8b465ee728b)  -> (artifact id: '019bf35913c5db8d03efe2867e3910ac') in 0.075514 seconds 
========================================================================
Received Import Request.
  Time since last request: 0.000237 seconds.
  path: Assets/TooCubeForest/Walking/0_Golem_Walking_012.png
  artifactKey: Guid(8fa5d5655d933a74eb83d14b764b18bb) Importer(815301076,1909f56bfc062723c751e8b465ee728b)
Start importing Assets/TooCubeForest/Walking/0_Golem_Walking_012.png using Guid(8fa5d5655d933a74eb83d14b764b18bb) Importer(815301076,1909f56bfc062723c751e8b465ee728b)  -> (artifact id: '1ff8a4e3e720fb75a4cfe81c7497db96') in 0.109565 seconds 
========================================================================
Received Import Request.
  Time since last request: 0.000222 seconds.
  path: Assets/TooCubeForest/Walking/0_Golem_Walking_013.png
  artifactKey: Guid(93dc0edf844f3904ba4b853990e3ef13) Importer(815301076,1909f56bfc062723c751e8b465ee728b)
Start importing Assets/TooCubeForest/Walking/0_Golem_Walking_013.png using Guid(93dc0edf844f3904ba4b853990e3ef13) Importer(815301076,1909f56bfc062723c751e8b465ee728b)  -> (artifact id: 'c628e2acab8a9cc67e078f489579efbd') in 0.135236 seconds 
========================================================================
Received Import Request.
  Time since last request: 0.000604 seconds.
  path: Assets/TooCubeForest/Walking/0_Golem_Walking_008.png
  artifactKey: Guid(54b2f06c253268a40aa8058994900a69) Importer(815301076,1909f56bfc062723c751e8b465ee728b)
Start importing Assets/TooCubeForest/Walking/0_Golem_Walking_008.png using Guid(54b2f06c253268a40aa8058994900a69) Importer(815301076,1909f56bfc062723c751e8b465ee728b)  -> (artifact id: '3f5661472e9583a750eb19a8f95ae745') in 0.101078 seconds 
========================================================================
Received Import Request.
  Time since last request: 0.000191 seconds.
  path: Assets/TooCubeForest/Walking/0_Golem_Walking_017.png
  artifactKey: Guid(ad6d5dc197ce15a4ea1feadf994de45d) Importer(815301076,1909f56bfc062723c751e8b465ee728b)
Start importing Assets/TooCubeForest/Walking/0_Golem_Walking_017.png using Guid(ad6d5dc197ce15a4ea1feadf994de45d) Importer(815301076,1909f56bfc062723c751e8b465ee728b)  -> (artifact id: 'ca30df0db6a0f88ed0dc4cea8fe2b9c5') in 0.031752 seconds 
========================================================================
Received Import Request.
  Time since last request: 0.000209 seconds.
  path: Assets/TooCubeForest/Walking/0_Golem_Walking_009.png
  artifactKey: Guid(9ce33bb2cc9107146ab076a716822622) Importer(815301076,1909f56bfc062723c751e8b465ee728b)
Start importing Assets/TooCubeForest/Walking/0_Golem_Walking_009.png using Guid(9ce33bb2cc9107146ab076a716822622) Importer(815301076,1909f56bfc062723c751e8b465ee728b)  -> (artifact id: '7429d5f80bf4ff87ece4d519ed24fc9a') in 0.036703 seconds 
========================================================================
Received Import Request.
  Time since last request: 0.000190 seconds.
  path: Assets/TooCubeForest/Walking/0_Golem_Walking_010.png
  artifactKey: Guid(67d3c962dc8e12840a8b189a2af6901f) Importer(815301076,1909f56bfc062723c751e8b465ee728b)
Start importing Assets/TooCubeForest/Walking/0_Golem_Walking_010.png using Guid(67d3c962dc8e12840a8b189a2af6901f) Importer(815301076,1909f56bfc062723c751e8b465ee728b)  -> (artifact id: '1250bffb03b747149fecc1aa357df639') in 0.061014 seconds 
========================================================================
Received Import Request.
  Time since last request: 0.000215 seconds.
  path: Assets/TooCubeForest/Walking/0_Golem_Walking_003.png
  artifactKey: Guid(2e863340b6fdb2342b614bc3b141a1e5) Importer(815301076,1909f56bfc062723c751e8b465ee728b)
Start importing Assets/TooCubeForest/Walking/0_Golem_Walking_003.png using Guid(2e863340b6fdb2342b614bc3b141a1e5) Importer(815301076,1909f56bfc062723c751e8b465ee728b)  -> (artifact id: '9552c4ecac2cd475d3850e35c1d52f59') in 0.031867 seconds 
========================================================================
Received Import Request.
  Time since last request: 0.000196 seconds.
  path: Assets/TooCubeForest/Walking/0_Golem_Walking_007.png
  artifactKey: Guid(4be6655f6481f2e4a85dff66e9ffa91a) Importer(815301076,1909f56bfc062723c751e8b465ee728b)
Start importing Assets/TooCubeForest/Walking/0_Golem_Walking_007.png using Guid(4be6655f6481f2e4a85dff66e9ffa91a) Importer(815301076,1909f56bfc062723c751e8b465ee728b)  -> (artifact id: '0b68f9e475e31bd0a210540ae19b9a48') in 0.029999 seconds 
========================================================================
Received Import Request.
  Time since last request: 0.000190 seconds.
  path: Assets/TooCubeForest/Walking/0_Golem_Walking_015.png
  artifactKey: Guid(fe2892d1f677bdf4c82e8389efd35709) Importer(815301076,1909f56bfc062723c751e8b465ee728b)
Start importing Assets/TooCubeForest/Walking/0_Golem_Walking_015.png using Guid(fe2892d1f677bdf4c82e8389efd35709) Importer(815301076,1909f56bfc062723c751e8b465ee728b)  -> (artifact id: '848e3d95a6c4fd508a41d912f0f76032') in 0.038557 seconds 
========================================================================
Received Import Request.
  Time since last request: 0.000201 seconds.
  path: Assets/TooCubeForest/Walking/0_Golem_Walking_022.png
  artifactKey: Guid(4769705e6f07d644b90aa21adc3484ec) Importer(815301076,1909f56bfc062723c751e8b465ee728b)
Start importing Assets/TooCubeForest/Walking/0_Golem_Walking_022.png using Guid(4769705e6f07d644b90aa21adc3484ec) Importer(815301076,1909f56bfc062723c751e8b465ee728b)  -> (artifact id: 'b5db6f7e0ab47228fc0493eb46d305d5') in 0.035453 seconds 
========================================================================
Received Import Request.
  Time since last request: 0.397429 seconds.
  path: Assets/TooCubeForest/Idle/0_Golem_Idle_000.png
  artifactKey: Guid(71f8360f823ac6747a0e6521379c8107) Importer(815301076,1909f56bfc062723c751e8b465ee728b)
Start importing Assets/TooCubeForest/Idle/0_Golem_Idle_000.png using Guid(71f8360f823ac6747a0e6521379c8107) Importer(815301076,1909f56bfc062723c751e8b465ee728b)  -> (artifact id: 'dbc34684058cb3d77cd945872a264038') in 0.051814 seconds 
========================================================================
Received Import Request.
  Time since last request: 0.000216 seconds.
  path: Assets/TooCubeForest/Idle/0_Golem_Idle_011.png
  artifactKey: Guid(613ad1950ffec4c4384c0f73ffa9582b) Importer(815301076,1909f56bfc062723c751e8b465ee728b)
Start importing Assets/TooCubeForest/Idle/0_Golem_Idle_011.png using Guid(613ad1950ffec4c4384c0f73ffa9582b) Importer(815301076,1909f56bfc062723c751e8b465ee728b)  -> (artifact id: '6e683068f8409401e4fa71e0512f7108') in 0.037481 seconds 
========================================================================
Received Import Request.
  Time since last request: 0.000268 seconds.
  path: Assets/TooCubeForest/Idle/0_Golem_Idle_006.png
  artifactKey: Guid(e6c2cad43322781419ba55e3cd3fa202) Importer(815301076,1909f56bfc062723c751e8b465ee728b)
Start importing Assets/TooCubeForest/Idle/0_Golem_Idle_006.png using Guid(e6c2cad43322781419ba55e3cd3fa202) Importer(815301076,1909f56bfc062723c751e8b465ee728b)  -> (artifact id: '186db61b93bc255ba60e30e4b7d8e757') in 0.061892 seconds 
========================================================================
Received Import Request.
  Time since last request: 0.000182 seconds.
  path: Assets/TooCubeForest/Idle/0_Golem_Idle_017.png
  artifactKey: Guid(cb70a0e2f2f392548abaff86081d3165) Importer(815301076,1909f56bfc062723c751e8b465ee728b)
Start importing Assets/TooCubeForest/Idle/0_Golem_Idle_017.png using Guid(cb70a0e2f2f392548abaff86081d3165) Importer(815301076,1909f56bfc062723c751e8b465ee728b)  -> (artifact id: 'c312e87c60edc6d90806bb722859dc25') in 0.032926 seconds 
========================================================================
Received Import Request.
  Time since last request: 0.000210 seconds.
  path: Assets/TooCubeForest/Idle/0_Golem_Idle_003.png
  artifactKey: Guid(4111f3498f0fd61458bbe478e04cbd8a) Importer(815301076,1909f56bfc062723c751e8b465ee728b)
Start importing Assets/TooCubeForest/Idle/0_Golem_Idle_003.png using Guid(4111f3498f0fd61458bbe478e04cbd8a) Importer(815301076,1909f56bfc062723c751e8b465ee728b)  -> (artifact id: 'adb3d38d265777a4078f112b1aa4f538') in 0.083159 seconds 
========================================================================
Received Import Request.
  Time since last request: 0.000344 seconds.
  path: Assets/TooCubeForest/Idle/0_Golem_Idle_007.png
  artifactKey: Guid(a8da64b169d8bf841a5b64d5d91fa4de) Importer(815301076,1909f56bfc062723c751e8b465ee728b)
Start importing Assets/TooCubeForest/Idle/0_Golem_Idle_007.png using Guid(a8da64b169d8bf841a5b64d5d91fa4de) Importer(815301076,1909f56bfc062723c751e8b465ee728b)  -> (artifact id: '16d319e5d01bd7e065c711972a910881') in 0.041337 seconds 
========================================================================
Received Import Request.
  Time since last request: 0.000185 seconds.
  path: Assets/TooCubeForest/Idle/0_Golem_Idle_008.png
  artifactKey: Guid(4ef1ff5c64ab17d4599195b5f3f98f3a) Importer(815301076,1909f56bfc062723c751e8b465ee728b)
Start importing Assets/TooCubeForest/Idle/0_Golem_Idle_008.png using Guid(4ef1ff5c64ab17d4599195b5f3f98f3a) Importer(815301076,1909f56bfc062723c751e8b465ee728b)  -> (artifact id: '39a969f6e44e8af3a31fd1235b7226af') in 0.079162 seconds 
========================================================================
Received Import Request.
  Time since last request: 0.000091 seconds.
  path: Assets/TooCubeForest/Idle/0_Golem_Idle_001.png
  artifactKey: Guid(ce371149b16cdb24c9888f4b2b91ee30) Importer(815301076,1909f56bfc062723c751e8b465ee728b)
Start importing Assets/TooCubeForest/Idle/0_Golem_Idle_001.png using Guid(ce371149b16cdb24c9888f4b2b91ee30) Importer(815301076,1909f56bfc062723c751e8b465ee728b)  -> (artifact id: '1407a453a228e446e2e3d4a448148369') in 0.076805 seconds 
========================================================================
Received Import Request.
  Time since last request: 0.000244 seconds.
  path: Assets/TooCubeForest/Idle/0_Golem_Idle_015.png
  artifactKey: Guid(75082133409880745ba112e930d147c4) Importer(815301076,1909f56bfc062723c751e8b465ee728b)
Start importing Assets/TooCubeForest/Idle/0_Golem_Idle_015.png using Guid(75082133409880745ba112e930d147c4) Importer(815301076,1909f56bfc062723c751e8b465ee728b)  -> (artifact id: '593a0cafe6be2676d9d353581d9e6bd7') in 0.054549 seconds 
========================================================================
Received Import Request.
  Time since last request: 0.000227 seconds.
  path: Assets/TooCubeForest/Idle/0_Golem_Idle_009.png
  artifactKey: Guid(2c50688850b1ca3428247bbc4f3a89f0) Importer(815301076,1909f56bfc062723c751e8b465ee728b)
Start importing Assets/TooCubeForest/Idle/0_Golem_Idle_009.png using Guid(2c50688850b1ca3428247bbc4f3a89f0) Importer(815301076,1909f56bfc062723c751e8b465ee728b)  -> (artifact id: 'c0e5906fbb449eaf4bcae84c85d5fceb') in 0.073587 seconds 
========================================================================
Received Import Request.
  Time since last request: 0.000244 seconds.
  path: Assets/TooCubeForest/Idle/0_Golem_Idle_010.png
  artifactKey: Guid(bde92cd6934fbc04599e3664dbdd4929) Importer(815301076,1909f56bfc062723c751e8b465ee728b)
Start importing Assets/TooCubeForest/Idle/0_Golem_Idle_010.png using Guid(bde92cd6934fbc04599e3664dbdd4929) Importer(815301076,1909f56bfc062723c751e8b465ee728b)  -> (artifact id: '78a297f38f80ce2030dc7d0d7b1829c0') in 0.028235 seconds 
========================================================================
Received Import Request.
  Time since last request: 0.000189 seconds.
  path: Assets/TooCubeForest/Idle/0_Golem_Idle_016.png
  artifactKey: Guid(77e9705e5d9570b46b05c6f6c1d57a75) Importer(815301076,1909f56bfc062723c751e8b465ee728b)
Start importing Assets/TooCubeForest/Idle/0_Golem_Idle_016.png using Guid(77e9705e5d9570b46b05c6f6c1d57a75) Importer(815301076,1909f56bfc062723c751e8b465ee728b)  -> (artifact id: '265d3a40957dbb8a1ff6a3cf8b33131c') in 0.032430 seconds 
========================================================================
Received Import Request.
  Time since last request: 0.000276 seconds.
  path: Assets/TooCubeForest/Idle/0_Golem_Idle_013.png
  artifactKey: Guid(5b75a84e6b4e83f419f08a3473b1b22f) Importer(815301076,1909f56bfc062723c751e8b465ee728b)
Start importing Assets/TooCubeForest/Idle/0_Golem_Idle_013.png using Guid(5b75a84e6b4e83f419f08a3473b1b22f) Importer(815301076,1909f56bfc062723c751e8b465ee728b)  -> (artifact id: '615b48572bd2b569af14d1b62c76b91b') in 0.045897 seconds 
========================================================================
Received Import Request.
  Time since last request: 0.000184 seconds.
  path: Assets/TooCubeForest/Idle/0_Golem_Idle_012.png
  artifactKey: Guid(fbac29b146628624ea70a5778174993a) Importer(815301076,1909f56bfc062723c751e8b465ee728b)
Start importing Assets/TooCubeForest/Idle/0_Golem_Idle_012.png using Guid(fbac29b146628624ea70a5778174993a) Importer(815301076,1909f56bfc062723c751e8b465ee728b)  -> (artifact id: '3c87d9dd6198203dbf37de5c412b6ce9') in 0.034930 seconds 
========================================================================
Received Import Request.
  Time since last request: 0.000189 seconds.
  path: Assets/TooCubeForest/Idle/0_Golem_Idle_004.png
  artifactKey: Guid(e156f7bc02b0b0f42bf81bc6dcdd8328) Importer(815301076,1909f56bfc062723c751e8b465ee728b)
Start importing Assets/TooCubeForest/Idle/0_Golem_Idle_004.png using Guid(e156f7bc02b0b0f42bf81bc6dcdd8328) Importer(815301076,1909f56bfc062723c751e8b465ee728b)  -> (artifact id: '2e146863766ab08604fb181b68ac0827') in 0.033092 seconds 
========================================================================
Received Import Request.
  Time since last request: 0.000343 seconds.
  path: Assets/TooCubeForest/Idle/0_Golem_Idle_014.png
  artifactKey: Guid(8503f9d390fdee64d93f26be7e1da218) Importer(815301076,1909f56bfc062723c751e8b465ee728b)
Start importing Assets/TooCubeForest/Idle/0_Golem_Idle_014.png using Guid(8503f9d390fdee64d93f26be7e1da218) Importer(815301076,1909f56bfc062723c751e8b465ee728b)  -> (artifact id: '6239e0e9e0135fd5ad2f6278499f9ccb') in 0.030159 seconds 
========================================================================
Received Import Request.
  Time since last request: 0.000202 seconds.
  path: Assets/TooCubeForest/Idle/0_Golem_Idle_002.png
  artifactKey: Guid(1ffcf50061e0de54098f775b8a8c9161) Importer(815301076,1909f56bfc062723c751e8b465ee728b)
Start importing Assets/TooCubeForest/Idle/0_Golem_Idle_002.png using Guid(1ffcf50061e0de54098f775b8a8c9161) Importer(815301076,1909f56bfc062723c751e8b465ee728b)  -> (artifact id: '00ce28b2106408c842a76d605b5612ee') in 0.043672 seconds 
========================================================================
Received Import Request.
  Time since last request: 0.000230 seconds.
  path: Assets/TooCubeForest/Idle/0_Golem_Idle_005.png
  artifactKey: Guid(74d86d14a8e522549bf83e5c1b66389f) Importer(815301076,1909f56bfc062723c751e8b465ee728b)
Start importing Assets/TooCubeForest/Idle/0_Golem_Idle_005.png using Guid(74d86d14a8e522549bf83e5c1b66389f) Importer(815301076,1909f56bfc062723c751e8b465ee728b)  -> (artifact id: '4ae134ad482adbf03c0bb6c9ee81996d') in 0.043806 seconds 
========================================================================
Received Prepare
Registering precompiled user dll's ...
Registered in 0.005424 seconds.
Begin MonoManager ReloadAssembly
Symbol file LoadedFromMemory doesn't match image C:\Users\Malina_Jakub\Documents\GitHub\jumpogame1\Library\PackageCache\com.unity.visualscripting@1.6.1\Editor\VisualScripting.Core\Dependencies\YamlDotNet\Unity.VisualScripting.YamlDotNet.dll
Symbol file LoadedFromMemory doesn't match image C:\Users\Malina_Jakub\Documents\GitHub\jumpogame1\Library\PackageCache\com.unity.visualscripting@1.6.1\Editor\VisualScripting.Core\Dependencies\DotNetZip\Unity.VisualScripting.IonicZip.dll
Native extension for WindowsStandalone target not found
Refreshing native plugins compatible for Editor in 0.82 ms, found 4 plugins.
Preloading 0 native plugins for Editor in 0.00 ms.
Mono: successfully reloaded assembly
- Completed reload, in  1.233 seconds
Domain Reload Profiling:
	ReloadAssembly (1233ms)
		BeginReloadAssembly (135ms)
			ExecutionOrderSort (0ms)
			DisableScriptedObjects (6ms)
			BackupInstance (0ms)
			ReleaseScriptingObjects (0ms)
			CreateAndSetChildDomain (43ms)
		EndReloadAssembly (1043ms)
			LoadAssemblies (115ms)
			RebuildTransferFunctionScriptingTraits (0ms)
			SetupTypeCache (413ms)
			ReleaseScriptCaches (1ms)
			RebuildScriptCaches (45ms)
			SetupLoadedEditorAssemblies (316ms)
				LogAssemblyErrors (0ms)
				InitializePlatformSupportModulesInManaged (5ms)
				SetLoadedEditorAssemblies (0ms)
				RefreshPlugins (1ms)
				BeforeProcessingInitializeOnLoad (66ms)
				ProcessInitializeOnLoadAttributes (229ms)
				ProcessInitializeOnLoadMethodAttributes (9ms)
				AfterProcessingInitializeOnLoad (6ms)
				EditorAssembliesLoaded (0ms)
			ExecutionOrderSort2 (0ms)
			AwakeInstancesAfterBackupRestoration (21ms)
Platform modules already initialized, skipping
Refreshing native plugins compatible for Editor in 0.85 ms, found 4 plugins.
Preloading 0 native plugins for Editor in 0.00 ms.
Unloading 3712 Unused Serialized files (Serialized files now loaded: 0)
System memory in use before: 195.3 MB.
System memory in use after: 195.5 MB.

Unloading 18 unused Assets to reduce memory usage. Loaded Objects now: 4830.
Total: 6.592929 ms (FindLiveObjects: 0.555191 ms CreateObjectMapping: 0.359395 ms MarkObjects: 5.635152 ms  DeleteObjects: 0.041358 ms)

AssetImportParameters requested are different than current active one (requested -> active):
  custom:framework-win-MediaFoundation: 216162199b28c13a410421893ffa2e32 -> 
  custom:video-decoder-ogg-theora: a1e56fd34408186e4bbccfd4996cb3dc -> 
  custom:container-muxer-webm: aa71ff27fc2769a1b78a27578f13a17b -> 
  custom:container-demuxer-webm: 4f35f7cbe854078d1ac9338744f61a02 -> 
  custom:container-demuxer-ogg: 62fdf1f143b41e24485cea50d1cbac27 -> 
  custom:video-encoder-webm-vp8: eb34c28f22e8b96e1ab97ce403110664 -> 
  custom:video-decoder-webm-vp8: 9c59270c3fd7afecdb556c50c9e8de78 -> 
  custom:audio-decoder-ogg-vorbis: bf7c407c2cedff20999df2af8eb42d56 -> 
  custom:audio-encoder-webm-vorbis: bf7c407c2cedff20999df2af8eb42d56 -> 
========================================================================
Received Prepare
Registering precompiled user dll's ...
Registered in 0.005169 seconds.
Begin MonoManager ReloadAssembly
Symbol file LoadedFromMemory doesn't match image C:\Users\Malina_Jakub\Documents\GitHub\jumpogame1\Library\PackageCache\com.unity.visualscripting@1.6.1\Editor\VisualScripting.Core\Dependencies\YamlDotNet\Unity.VisualScripting.YamlDotNet.dll
Symbol file LoadedFromMemory doesn't match image C:\Users\Malina_Jakub\Documents\GitHub\jumpogame1\Library\PackageCache\com.unity.visualscripting@1.6.1\Editor\VisualScripting.Core\Dependencies\DotNetZip\Unity.VisualScripting.IonicZip.dll
Native extension for WindowsStandalone target not found
Refreshing native plugins compatible for Editor in 0.75 ms, found 4 plugins.
Preloading 0 native plugins for Editor in 0.00 ms.
Mono: successfully reloaded assembly
- Completed reload, in  1.065 seconds
Domain Reload Profiling:
	ReloadAssembly (1065ms)
		BeginReloadAssembly (130ms)
			ExecutionOrderSort (0ms)
			DisableScriptedObjects (11ms)
			BackupInstance (0ms)
			ReleaseScriptingObjects (0ms)
			CreateAndSetChildDomain (40ms)
		EndReloadAssembly (880ms)
			LoadAssemblies (103ms)
			RebuildTransferFunctionScriptingTraits (0ms)
			SetupTypeCache (342ms)
			ReleaseScriptCaches (1ms)
			RebuildScriptCaches (44ms)
			SetupLoadedEditorAssemblies (290ms)
				LogAssemblyErrors (0ms)
				InitializePlatformSupportModulesInManaged (4ms)
				SetLoadedEditorAssemblies (0ms)
				RefreshPlugins (1ms)
				BeforeProcessingInitializeOnLoad (63ms)
				ProcessInitializeOnLoadAttributes (207ms)
				ProcessInitializeOnLoadMethodAttributes (8ms)
				AfterProcessingInitializeOnLoad (5ms)
				EditorAssembliesLoaded (0ms)
			ExecutionOrderSort2 (0ms)
			AwakeInstancesAfterBackupRestoration (21ms)
Platform modules already initialized, skipping
Refreshing native plugins compatible for Editor in 1.23 ms, found 4 plugins.
Preloading 0 native plugins for Editor in 0.00 ms.
Unloading 3667 Unused Serialized files (Serialized files now loaded: 0)
System memory in use before: 193.4 MB.
System memory in use after: 193.7 MB.

Unloading 18 unused Assets to reduce memory usage. Loaded Objects now: 4833.
Total: 5.962875 ms (FindLiveObjects: 0.553882 ms CreateObjectMapping: 0.337669 ms MarkObjects: 5.031797 ms  DeleteObjects: 0.037432 ms)

AssetImportParameters requested are different than current active one (requested -> active):
  custom:framework-win-MediaFoundation: 216162199b28c13a410421893ffa2e32 -> 
  custom:video-decoder-ogg-theora: a1e56fd34408186e4bbccfd4996cb3dc -> 
  custom:container-muxer-webm: aa71ff27fc2769a1b78a27578f13a17b -> 
  custom:container-demuxer-webm: 4f35f7cbe854078d1ac9338744f61a02 -> 
  custom:container-demuxer-ogg: 62fdf1f143b41e24485cea50d1cbac27 -> 
  custom:video-encoder-webm-vp8: eb34c28f22e8b96e1ab97ce403110664 -> 
  custom:video-decoder-webm-vp8: 9c59270c3fd7afecdb556c50c9e8de78 -> 
  custom:audio-decoder-ogg-vorbis: bf7c407c2cedff20999df2af8eb42d56 -> 
  custom:audio-encoder-webm-vorbis: bf7c407c2cedff20999df2af8eb42d56 -> 
========================================================================
Received Prepare
Registering precompiled user dll's ...
Registered in 0.005199 seconds.
Begin MonoManager ReloadAssembly
Symbol file LoadedFromMemory doesn't match image C:\Users\Malina_Jakub\Documents\GitHub\jumpogame1\Library\PackageCache\com.unity.visualscripting@1.6.1\Editor\VisualScripting.Core\Dependencies\YamlDotNet\Unity.VisualScripting.YamlDotNet.dll
Symbol file LoadedFromMemory doesn't match image C:\Users\Malina_Jakub\Documents\GitHub\jumpogame1\Library\PackageCache\com.unity.visualscripting@1.6.1\Editor\VisualScripting.Core\Dependencies\DotNetZip\Unity.VisualScripting.IonicZip.dll
Native extension for WindowsStandalone target not found
Refreshing native plugins compatible for Editor in 0.71 ms, found 4 plugins.
Preloading 0 native plugins for Editor in 0.00 ms.
Mono: successfully reloaded assembly
- Completed reload, in  1.080 seconds
Domain Reload Profiling:
	ReloadAssembly (1080ms)
		BeginReloadAssembly (125ms)
			ExecutionOrderSort (0ms)
			DisableScriptedObjects (10ms)
			BackupInstance (0ms)
			ReleaseScriptingObjects (0ms)
			CreateAndSetChildDomain (40ms)
		EndReloadAssembly (899ms)
			LoadAssemblies (110ms)
			RebuildTransferFunctionScriptingTraits (0ms)
			SetupTypeCache (338ms)
			ReleaseScriptCaches (1ms)
			RebuildScriptCaches (44ms)
			SetupLoadedEditorAssemblies (289ms)
				LogAssemblyErrors (0ms)
				InitializePlatformSupportModulesInManaged (4ms)
				SetLoadedEditorAssemblies (0ms)
				RefreshPlugins (1ms)
				BeforeProcessingInitializeOnLoad (61ms)
				ProcessInitializeOnLoadAttributes (208ms)
				ProcessInitializeOnLoadMethodAttributes (9ms)
				AfterProcessingInitializeOnLoad (5ms)
				EditorAssembliesLoaded (0ms)
			ExecutionOrderSort2 (0ms)
			AwakeInstancesAfterBackupRestoration (28ms)
Platform modules already initialized, skipping
Refreshing native plugins compatible for Editor in 1.27 ms, found 4 plugins.
Preloading 0 native plugins for Editor in 0.00 ms.
Unloading 3667 Unused Serialized files (Serialized files now loaded: 0)
System memory in use before: 193.5 MB.
System memory in use after: 193.8 MB.

Unloading 18 unused Assets to reduce memory usage. Loaded Objects now: 4836.
Total: 6.055537 ms (FindLiveObjects: 0.520377 ms CreateObjectMapping: 0.365154 ms MarkObjects: 5.129172 ms  DeleteObjects: 0.039264 ms)

AssetImportParameters requested are different than current active one (requested -> active):
  custom:framework-win-MediaFoundation: 216162199b28c13a410421893ffa2e32 -> 
  custom:video-decoder-ogg-theora: a1e56fd34408186e4bbccfd4996cb3dc -> 
  custom:container-muxer-webm: aa71ff27fc2769a1b78a27578f13a17b -> 
  custom:container-demuxer-webm: 4f35f7cbe854078d1ac9338744f61a02 -> 
  custom:container-demuxer-ogg: 62fdf1f143b41e24485cea50d1cbac27 -> 
  custom:video-encoder-webm-vp8: eb34c28f22e8b96e1ab97ce403110664 -> 
  custom:video-decoder-webm-vp8: 9c59270c3fd7afecdb556c50c9e8de78 -> 
  custom:audio-decoder-ogg-vorbis: bf7c407c2cedff20999df2af8eb42d56 -> 
  custom:audio-encoder-webm-vorbis: bf7c407c2cedff20999df2af8eb42d56 -> 
========================================================================
Received Import Request.
  Time since last request: 560.683201 seconds.
  path: Assets/Scenes/1.unity
  artifactKey: Guid(66137c59d001b7143b2d5f037b53924f) Importer(815301076,1909f56bfc062723c751e8b465ee728b)
Start importing Assets/Scenes/1.unity using Guid(66137c59d001b7143b2d5f037b53924f) Importer(815301076,1909f56bfc062723c751e8b465ee728b)  -> (artifact id: '44f0a8bb7c6f095169b07c38fb741121') in 0.026997 seconds 
========================================================================
Received Import Request.
  Time since last request: 2.523535 seconds.
  path: Assets/Scenes/Game.unity
  artifactKey: Guid(fafc041858e3e08419d50b84681ac4c7) Importer(815301076,1909f56bfc062723c751e8b465ee728b)
Start importing Assets/Scenes/Game.unity using Guid(fafc041858e3e08419d50b84681ac4c7) Importer(815301076,1909f56bfc062723c751e8b465ee728b)  -> (artifact id: '1b4023ecd3ba4b1ff9f6e2fd25866298') in 0.013264 seconds 
========================================================================
Received Prepare
Registering precompiled user dll's ...
Registered in 0.005317 seconds.
Begin MonoManager ReloadAssembly
Symbol file LoadedFromMemory doesn't match image C:\Users\Malina_Jakub\Documents\GitHub\jumpogame1\Library\PackageCache\com.unity.visualscripting@1.6.1\Editor\VisualScripting.Core\Dependencies\YamlDotNet\Unity.VisualScripting.YamlDotNet.dll
Symbol file LoadedFromMemory doesn't match image C:\Users\Malina_Jakub\Documents\GitHub\jumpogame1\Library\PackageCache\com.unity.visualscripting@1.6.1\Editor\VisualScripting.Core\Dependencies\DotNetZip\Unity.VisualScripting.IonicZip.dll
Native extension for WindowsStandalone target not found
Refreshing native plugins compatible for Editor in 0.81 ms, found 4 plugins.
Preloading 0 native plugins for Editor in 0.00 ms.
Mono: successfully reloaded assembly
- Completed reload, in  1.193 seconds
Domain Reload Profiling:
	ReloadAssembly (1193ms)
		BeginReloadAssembly (152ms)
			ExecutionOrderSort (0ms)
			DisableScriptedObjects (11ms)
			BackupInstance (0ms)
			ReleaseScriptingObjects (0ms)
			CreateAndSetChildDomain (53ms)
		EndReloadAssembly (986ms)
			LoadAssemblies (122ms)
			RebuildTransferFunctionScriptingTraits (0ms)
			SetupTypeCache (361ms)
			ReleaseScriptCaches (1ms)
			RebuildScriptCaches (52ms)
			SetupLoadedEditorAssemblies (339ms)
				LogAssemblyErrors (0ms)
				InitializePlatformSupportModulesInManaged (5ms)
				SetLoadedEditorAssemblies (0ms)
				RefreshPlugins (1ms)
				BeforeProcessingInitializeOnLoad (77ms)
				ProcessInitializeOnLoadAttributes (242ms)
				ProcessInitializeOnLoadMethodAttributes (9ms)
				AfterProcessingInitializeOnLoad (5ms)
				EditorAssembliesLoaded (0ms)
			ExecutionOrderSort2 (0ms)
			AwakeInstancesAfterBackupRestoration (20ms)
Platform modules already initialized, skipping
Refreshing native plugins compatible for Editor in 1.47 ms, found 4 plugins.
Preloading 0 native plugins for Editor in 0.00 ms.
Unloading 3667 Unused Serialized files (Serialized files now loaded: 0)
System memory in use before: 193.5 MB.
System memory in use after: 193.8 MB.

Unloading 18 unused Assets to reduce memory usage. Loaded Objects now: 4839.
Total: 6.116789 ms (FindLiveObjects: 0.632934 ms CreateObjectMapping: 0.373269 ms MarkObjects: 5.061900 ms  DeleteObjects: 0.047378 ms)

AssetImportParameters requested are different than current active one (requested -> active):
  custom:framework-win-MediaFoundation: 216162199b28c13a410421893ffa2e32 -> 
  custom:video-decoder-ogg-theora: a1e56fd34408186e4bbccfd4996cb3dc -> 
  custom:container-muxer-webm: aa71ff27fc2769a1b78a27578f13a17b -> 
  custom:container-demuxer-webm: 4f35f7cbe854078d1ac9338744f61a02 -> 
  custom:container-demuxer-ogg: 62fdf1f143b41e24485cea50d1cbac27 -> 
  custom:video-encoder-webm-vp8: eb34c28f22e8b96e1ab97ce403110664 -> 
  custom:video-decoder-webm-vp8: 9c59270c3fd7afecdb556c50c9e8de78 -> 
  custom:audio-decoder-ogg-vorbis: bf7c407c2cedff20999df2af8eb42d56 -> 
  custom:audio-encoder-webm-vorbis: bf7c407c2cedff20999df2af8eb42d56 -> 
========================================================================
Received Prepare
Registering precompiled user dll's ...
Registered in 0.005125 seconds.
Begin MonoManager ReloadAssembly
Symbol file LoadedFromMemory doesn't match image C:\Users\Malina_Jakub\Documents\GitHub\jumpogame1\Library\PackageCache\com.unity.visualscripting@1.6.1\Editor\VisualScripting.Core\Dependencies\YamlDotNet\Unity.VisualScripting.YamlDotNet.dll
Symbol file LoadedFromMemory doesn't match image C:\Users\Malina_Jakub\Documents\GitHub\jumpogame1\Library\PackageCache\com.unity.visualscripting@1.6.1\Editor\VisualScripting.Core\Dependencies\DotNetZip\Unity.VisualScripting.IonicZip.dll
Native extension for WindowsStandalone target not found
Refreshing native plugins compatible for Editor in 1.25 ms, found 4 plugins.
Preloading 0 native plugins for Editor in 0.00 ms.
Mono: successfully reloaded assembly
- Completed reload, in  1.199 seconds
Domain Reload Profiling:
	ReloadAssembly (1200ms)
		BeginReloadAssembly (132ms)
			ExecutionOrderSort (0ms)
			DisableScriptedObjects (13ms)
			BackupInstance (0ms)
			ReleaseScriptingObjects (0ms)
			CreateAndSetChildDomain (38ms)
		EndReloadAssembly (1001ms)
			LoadAssemblies (117ms)
			RebuildTransferFunctionScriptingTraits (0ms)
			SetupTypeCache (360ms)
			ReleaseScriptCaches (1ms)
			RebuildScriptCaches (47ms)
			SetupLoadedEditorAssemblies (349ms)
				LogAssemblyErrors (0ms)
				InitializePlatformSupportModulesInManaged (13ms)
				SetLoadedEditorAssemblies (1ms)
				RefreshPlugins (1ms)
				BeforeProcessingInitializeOnLoad (70ms)
				ProcessInitializeOnLoadAttributes (246ms)
				ProcessInitializeOnLoadMethodAttributes (12ms)
				AfterProcessingInitializeOnLoad (5ms)
				EditorAssembliesLoaded (0ms)
			ExecutionOrderSort2 (0ms)
			AwakeInstancesAfterBackupRestoration (20ms)
Platform modules already initialized, skipping
Refreshing native plugins compatible for Editor in 1.28 ms, found 4 plugins.
Preloading 0 native plugins for Editor in 0.00 ms.
Unloading 3667 Unused Serialized files (Serialized files now loaded: 0)
System memory in use before: 193.6 MB.
System memory in use after: 193.8 MB.

Unloading 18 unused Assets to reduce memory usage. Loaded Objects now: 4842.
Total: 6.047423 ms (FindLiveObjects: 0.520377 ms CreateObjectMapping: 0.335052 ms MarkObjects: 5.148542 ms  DeleteObjects: 0.041358 ms)

AssetImportParameters requested are different than current active one (requested -> active):
  custom:framework-win-MediaFoundation: 216162199b28c13a410421893ffa2e32 -> 
  custom:video-decoder-ogg-theora: a1e56fd34408186e4bbccfd4996cb3dc -> 
  custom:container-muxer-webm: aa71ff27fc2769a1b78a27578f13a17b -> 
  custom:container-demuxer-webm: 4f35f7cbe854078d1ac9338744f61a02 -> 
  custom:container-demuxer-ogg: 62fdf1f143b41e24485cea50d1cbac27 -> 
  custom:video-encoder-webm-vp8: eb34c28f22e8b96e1ab97ce403110664 -> 
  custom:video-decoder-webm-vp8: 9c59270c3fd7afecdb556c50c9e8de78 -> 
  custom:audio-decoder-ogg-vorbis: bf7c407c2cedff20999df2af8eb42d56 -> 
  custom:audio-encoder-webm-vorbis: bf7c407c2cedff20999df2af8eb42d56 -> 
========================================================================
Received Prepare
Registering precompiled user dll's ...
Registered in 0.009373 seconds.
Begin MonoManager ReloadAssembly
Symbol file LoadedFromMemory doesn't match image C:\Users\Malina_Jakub\Documents\GitHub\jumpogame1\Library\PackageCache\com.unity.visualscripting@1.6.1\Editor\VisualScripting.Core\Dependencies\YamlDotNet\Unity.VisualScripting.YamlDotNet.dll
Symbol file LoadedFromMemory doesn't match image C:\Users\Malina_Jakub\Documents\GitHub\jumpogame1\Library\PackageCache\com.unity.visualscripting@1.6.1\Editor\VisualScripting.Core\Dependencies\DotNetZip\Unity.VisualScripting.IonicZip.dll
Native extension for WindowsStandalone target not found
Refreshing native plugins compatible for Editor in 0.76 ms, found 4 plugins.
Preloading 0 native plugins for Editor in 0.00 ms.
Mono: successfully reloaded assembly
- Completed reload, in  1.055 seconds
Domain Reload Profiling:
	ReloadAssembly (1056ms)
		BeginReloadAssembly (123ms)
			ExecutionOrderSort (0ms)
			DisableScriptedObjects (11ms)
			BackupInstance (0ms)
			ReleaseScriptingObjects (0ms)
			CreateAndSetChildDomain (39ms)
		EndReloadAssembly (876ms)
			LoadAssemblies (97ms)
			RebuildTransferFunctionScriptingTraits (0ms)
			SetupTypeCache (328ms)
			ReleaseScriptCaches (1ms)
			RebuildScriptCaches (42ms)
			SetupLoadedEditorAssemblies (301ms)
				LogAssemblyErrors (0ms)
				InitializePlatformSupportModulesInManaged (4ms)
				SetLoadedEditorAssemblies (0ms)
				RefreshPlugins (1ms)
				BeforeProcessingInitializeOnLoad (60ms)
				ProcessInitializeOnLoadAttributes (221ms)
				ProcessInitializeOnLoadMethodAttributes (8ms)
				AfterProcessingInitializeOnLoad (5ms)
				EditorAssembliesLoaded (0ms)
			ExecutionOrderSort2 (0ms)
			AwakeInstancesAfterBackupRestoration (20ms)
Platform modules already initialized, skipping
Refreshing native plugins compatible for Editor in 1.27 ms, found 4 plugins.
Preloading 0 native plugins for Editor in 0.00 ms.
Unloading 3667 Unused Serialized files (Serialized files now loaded: 0)
System memory in use before: 193.6 MB.
System memory in use after: 193.8 MB.

Unloading 18 unused Assets to reduce memory usage. Loaded Objects now: 4845.
Total: 6.050041 ms (FindLiveObjects: 0.577441 ms CreateObjectMapping: 0.348663 ms MarkObjects: 5.089384 ms  DeleteObjects: 0.032720 ms)

AssetImportParameters requested are different than current active one (requested -> active):
  custom:framework-win-MediaFoundation: 216162199b28c13a410421893ffa2e32 -> 
  custom:video-decoder-ogg-theora: a1e56fd34408186e4bbccfd4996cb3dc -> 
  custom:container-muxer-webm: aa71ff27fc2769a1b78a27578f13a17b -> 
  custom:container-demuxer-webm: 4f35f7cbe854078d1ac9338744f61a02 -> 
  custom:container-demuxer-ogg: 62fdf1f143b41e24485cea50d1cbac27 -> 
  custom:video-encoder-webm-vp8: eb34c28f22e8b96e1ab97ce403110664 -> 
  custom:video-decoder-webm-vp8: 9c59270c3fd7afecdb556c50c9e8de78 -> 
  custom:audio-decoder-ogg-vorbis: bf7c407c2cedff20999df2af8eb42d56 -> 
  custom:audio-encoder-webm-vorbis: bf7c407c2cedff20999df2af8eb42d56 -> 
========================================================================
Received Prepare
Registering precompiled user dll's ...
Registered in 0.005355 seconds.
Begin MonoManager ReloadAssembly
Symbol file LoadedFromMemory doesn't match image C:\Users\Malina_Jakub\Documents\GitHub\jumpogame1\Library\PackageCache\com.unity.visualscripting@1.6.1\Editor\VisualScripting.Core\Dependencies\YamlDotNet\Unity.VisualScripting.YamlDotNet.dll
Symbol file LoadedFromMemory doesn't match image C:\Users\Malina_Jakub\Documents\GitHub\jumpogame1\Library\PackageCache\com.unity.visualscripting@1.6.1\Editor\VisualScripting.Core\Dependencies\DotNetZip\Unity.VisualScripting.IonicZip.dll
Native extension for WindowsStandalone target not found
Refreshing native plugins compatible for Editor in 0.84 ms, found 4 plugins.
Preloading 0 native plugins for Editor in 0.00 ms.
Mono: successfully reloaded assembly
- Completed reload, in  1.068 seconds
Domain Reload Profiling:
	ReloadAssembly (1068ms)
		BeginReloadAssembly (125ms)
			ExecutionOrderSort (0ms)
			DisableScriptedObjects (11ms)
			BackupInstance (0ms)
			ReleaseScriptingObjects (0ms)
			CreateAndSetChildDomain (37ms)
		EndReloadAssembly (888ms)
			LoadAssemblies (98ms)
			RebuildTransferFunctionScriptingTraits (0ms)
			SetupTypeCache (327ms)
			ReleaseScriptCaches (1ms)
			RebuildScriptCaches (43ms)
			SetupLoadedEditorAssemblies (316ms)
				LogAssemblyErrors (0ms)
				InitializePlatformSupportModulesInManaged (5ms)
				SetLoadedEditorAssemblies (0ms)
				RefreshPlugins (1ms)
				BeforeProcessingInitializeOnLoad (63ms)
				ProcessInitializeOnLoadAttributes (227ms)
				ProcessInitializeOnLoadMethodAttributes (13ms)
				AfterProcessingInitializeOnLoad (5ms)
				EditorAssembliesLoaded (0ms)
			ExecutionOrderSort2 (0ms)
			AwakeInstancesAfterBackupRestoration (21ms)
Platform modules already initialized, skipping
Refreshing native plugins compatible for Editor in 1.32 ms, found 4 plugins.
Preloading 0 native plugins for Editor in 0.00 ms.
Unloading 3667 Unused Serialized files (Serialized files now loaded: 0)
System memory in use before: 193.7 MB.
System memory in use after: 193.9 MB.

Unloading 18 unused Assets to reduce memory usage. Loaded Objects now: 4848.
Total: 6.081190 ms (FindLiveObjects: 0.558071 ms CreateObjectMapping: 0.354945 ms MarkObjects: 5.127863 ms  DeleteObjects: 0.038740 ms)

AssetImportParameters requested are different than current active one (requested -> active):
  custom:framework-win-MediaFoundation: 216162199b28c13a410421893ffa2e32 -> 
  custom:video-decoder-ogg-theora: a1e56fd34408186e4bbccfd4996cb3dc -> 
  custom:container-muxer-webm: aa71ff27fc2769a1b78a27578f13a17b -> 
  custom:container-demuxer-webm: 4f35f7cbe854078d1ac9338744f61a02 -> 
  custom:container-demuxer-ogg: 62fdf1f143b41e24485cea50d1cbac27 -> 
  custom:video-encoder-webm-vp8: eb34c28f22e8b96e1ab97ce403110664 -> 
  custom:video-decoder-webm-vp8: 9c59270c3fd7afecdb556c50c9e8de78 -> 
  custom:audio-decoder-ogg-vorbis: bf7c407c2cedff20999df2af8eb42d56 -> 
  custom:audio-encoder-webm-vorbis: bf7c407c2cedff20999df2af8eb42d56 -> 
========================================================================
Received Prepare
Registering precompiled user dll's ...
Registered in 0.009350 seconds.
Begin MonoManager ReloadAssembly
Symbol file LoadedFromMemory doesn't match image C:\Users\Malina_Jakub\Documents\GitHub\jumpogame1\Library\PackageCache\com.unity.visualscripting@1.6.1\Editor\VisualScripting.Core\Dependencies\YamlDotNet\Unity.VisualScripting.YamlDotNet.dll
Symbol file LoadedFromMemory doesn't match image C:\Users\Malina_Jakub\Documents\GitHub\jumpogame1\Library\PackageCache\com.unity.visualscripting@1.6.1\Editor\VisualScripting.Core\Dependencies\DotNetZip\Unity.VisualScripting.IonicZip.dll
Native extension for WindowsStandalone target not found
Refreshing native plugins compatible for Editor in 146.64 ms, found 4 plugins.
Preloading 0 native plugins for Editor in 0.00 ms.
Mono: successfully reloaded assembly
- Completed reload, in  1.304 seconds
Domain Reload Profiling:
	ReloadAssembly (1304ms)
		BeginReloadAssembly (181ms)
			ExecutionOrderSort (0ms)
			DisableScriptedObjects (18ms)
			BackupInstance (0ms)
			ReleaseScriptingObjects (0ms)
			CreateAndSetChildDomain (54ms)
		EndReloadAssembly (1043ms)
			LoadAssemblies (126ms)
			RebuildTransferFunctionScriptingTraits (0ms)
			SetupTypeCache (343ms)
			ReleaseScriptCaches (1ms)
			RebuildScriptCaches (39ms)
			SetupLoadedEditorAssemblies (391ms)
				LogAssemblyErrors (0ms)
				InitializePlatformSupportModulesInManaged (5ms)
				SetLoadedEditorAssemblies (0ms)
				RefreshPlugins (147ms)
				BeforeProcessingInitializeOnLoad (85ms)
				ProcessInitializeOnLoadAttributes (139ms)
				ProcessInitializeOnLoadMethodAttributes (8ms)
				AfterProcessingInitializeOnLoad (8ms)
				EditorAssembliesLoaded (0ms)
			ExecutionOrderSort2 (0ms)
			AwakeInstancesAfterBackupRestoration (26ms)
Platform modules already initialized, skipping
Refreshing native plugins compatible for Editor in 1.40 ms, found 4 plugins.
Preloading 0 native plugins for Editor in 0.00 ms.
Unloading 3963 Unused Serialized files (Serialized files now loaded: 0)
System memory in use before: 202.7 MB.
System memory in use after: 202.9 MB.

Unloading 16 unused Assets to reduce memory usage. Loaded Objects now: 5141.
Total: 6.175423 ms (FindLiveObjects: 0.722717 ms CreateObjectMapping: 0.484255 ms MarkObjects: 4.935208 ms  DeleteObjects: 0.031149 ms)

AssetImportParameters requested are different than current active one (requested -> active):
  custom:framework-win-MediaFoundation: 216162199b28c13a410421893ffa2e32 -> 
  custom:video-decoder-ogg-theora: a1e56fd34408186e4bbccfd4996cb3dc -> 
  custom:container-muxer-webm: aa71ff27fc2769a1b78a27578f13a17b -> 
  custom:container-demuxer-webm: 4f35f7cbe854078d1ac9338744f61a02 -> 
  custom:container-demuxer-ogg: 62fdf1f143b41e24485cea50d1cbac27 -> 
  custom:video-encoder-webm-vp8: eb34c28f22e8b96e1ab97ce403110664 -> 
  custom:video-decoder-webm-vp8: 9c59270c3fd7afecdb556c50c9e8de78 -> 
  custom:audio-decoder-ogg-vorbis: bf7c407c2cedff20999df2af8eb42d56 -> 
  custom:audio-encoder-webm-vorbis: bf7c407c2cedff20999df2af8eb42d56 -> 
AssetImportWorkerClient::OnTransportError - code=2 error=End of file
